ARM GAS  /tmp/ccJMQhxg.s 			page 1


   1              		.cpu cortex-m4
   2              		.arch armv7e-m
   3              		.fpu fpv4-sp-d16
   4              		.eabi_attribute 27, 1
   5              		.eabi_attribute 28, 1
   6              		.eabi_attribute 20, 1
   7              		.eabi_attribute 21, 1
   8              		.eabi_attribute 23, 3
   9              		.eabi_attribute 24, 1
  10              		.eabi_attribute 25, 1
  11              		.eabi_attribute 26, 1
  12              		.eabi_attribute 30, 1
  13              		.eabi_attribute 34, 1
  14              		.eabi_attribute 18, 4
  15              		.file	"stm32f4xx_hal_timebase_tim.c"
  16              		.text
  17              	.Ltext0:
  18              		.cfi_sections	.debug_frame
  19              		.file 1 "Core/Src/stm32f4xx_hal_timebase_tim.c"
  20              		.section	.text.HAL_InitTick,"ax",%progbits
  21              		.align	1
  22              		.global	HAL_InitTick
  23              		.syntax unified
  24              		.thumb
  25              		.thumb_func
  27              	HAL_InitTick:
  28              	.LVL0:
  29              	.LFB220:
   1:Core/Src/stm32f4xx_hal_timebase_tim.c **** /* USER CODE BEGIN Header */
   2:Core/Src/stm32f4xx_hal_timebase_tim.c **** /**
   3:Core/Src/stm32f4xx_hal_timebase_tim.c ****   ******************************************************************************
   4:Core/Src/stm32f4xx_hal_timebase_tim.c ****   * @file    stm32f4xx_hal_timebase_tim.c
   5:Core/Src/stm32f4xx_hal_timebase_tim.c ****   * @brief   HAL time base based on the hardware TIM.
   6:Core/Src/stm32f4xx_hal_timebase_tim.c ****   ******************************************************************************
   7:Core/Src/stm32f4xx_hal_timebase_tim.c ****   * @attention
   8:Core/Src/stm32f4xx_hal_timebase_tim.c ****   *
   9:Core/Src/stm32f4xx_hal_timebase_tim.c ****   * Copyright (c) 2024 STMicroelectronics.
  10:Core/Src/stm32f4xx_hal_timebase_tim.c ****   * All rights reserved.
  11:Core/Src/stm32f4xx_hal_timebase_tim.c ****   *
  12:Core/Src/stm32f4xx_hal_timebase_tim.c ****   * This software is licensed under terms that can be found in the LICENSE file
  13:Core/Src/stm32f4xx_hal_timebase_tim.c ****   * in the root directory of this software component.
  14:Core/Src/stm32f4xx_hal_timebase_tim.c ****   * If no LICENSE file comes with this software, it is provided AS-IS.
  15:Core/Src/stm32f4xx_hal_timebase_tim.c ****   *
  16:Core/Src/stm32f4xx_hal_timebase_tim.c ****   ******************************************************************************
  17:Core/Src/stm32f4xx_hal_timebase_tim.c ****   */
  18:Core/Src/stm32f4xx_hal_timebase_tim.c **** /* USER CODE END Header */
  19:Core/Src/stm32f4xx_hal_timebase_tim.c **** 
  20:Core/Src/stm32f4xx_hal_timebase_tim.c **** /* Includes ------------------------------------------------------------------*/
  21:Core/Src/stm32f4xx_hal_timebase_tim.c **** #include "stm32f4xx_hal.h"
  22:Core/Src/stm32f4xx_hal_timebase_tim.c **** #include "stm32f4xx_hal_tim.h"
  23:Core/Src/stm32f4xx_hal_timebase_tim.c **** 
  24:Core/Src/stm32f4xx_hal_timebase_tim.c **** /* Private typedef -----------------------------------------------------------*/
  25:Core/Src/stm32f4xx_hal_timebase_tim.c **** /* Private define ------------------------------------------------------------*/
  26:Core/Src/stm32f4xx_hal_timebase_tim.c **** /* Private macro -------------------------------------------------------------*/
  27:Core/Src/stm32f4xx_hal_timebase_tim.c **** /* Private variables ---------------------------------------------------------*/
  28:Core/Src/stm32f4xx_hal_timebase_tim.c **** TIM_HandleTypeDef        htim9;
  29:Core/Src/stm32f4xx_hal_timebase_tim.c **** /* Private function prototypes -----------------------------------------------*/
ARM GAS  /tmp/ccJMQhxg.s 			page 2


  30:Core/Src/stm32f4xx_hal_timebase_tim.c **** /* Private functions ---------------------------------------------------------*/
  31:Core/Src/stm32f4xx_hal_timebase_tim.c **** 
  32:Core/Src/stm32f4xx_hal_timebase_tim.c **** /**
  33:Core/Src/stm32f4xx_hal_timebase_tim.c ****   * @brief  This function configures the TIM9 as a time base source.
  34:Core/Src/stm32f4xx_hal_timebase_tim.c ****   *         The time source is configured  to have 1ms time base with a dedicated
  35:Core/Src/stm32f4xx_hal_timebase_tim.c ****   *         Tick interrupt priority.
  36:Core/Src/stm32f4xx_hal_timebase_tim.c ****   * @note   This function is called  automatically at the beginning of program after
  37:Core/Src/stm32f4xx_hal_timebase_tim.c ****   *         reset by HAL_Init() or at any time when clock is configured, by HAL_RCC_ClockConfig().
  38:Core/Src/stm32f4xx_hal_timebase_tim.c ****   * @param  TickPriority: Tick interrupt priority.
  39:Core/Src/stm32f4xx_hal_timebase_tim.c ****   * @retval HAL status
  40:Core/Src/stm32f4xx_hal_timebase_tim.c ****   */
  41:Core/Src/stm32f4xx_hal_timebase_tim.c **** HAL_StatusTypeDef HAL_InitTick(uint32_t TickPriority)
  42:Core/Src/stm32f4xx_hal_timebase_tim.c **** {
  30              		.loc 1 42 1 view -0
  31              		.cfi_startproc
  32              		@ args = 0, pretend = 0, frame = 32
  33              		@ frame_needed = 0, uses_anonymous_args = 0
  34              		.loc 1 42 1 is_stmt 0 view .LVU1
  35 0000 30B5     		push	{r4, r5, lr}
  36              	.LCFI0:
  37              		.cfi_def_cfa_offset 12
  38              		.cfi_offset 4, -12
  39              		.cfi_offset 5, -8
  40              		.cfi_offset 14, -4
  41 0002 89B0     		sub	sp, sp, #36
  42              	.LCFI1:
  43              		.cfi_def_cfa_offset 48
  44 0004 0546     		mov	r5, r0
  43:Core/Src/stm32f4xx_hal_timebase_tim.c ****   RCC_ClkInitTypeDef    clkconfig;
  45              		.loc 1 43 3 is_stmt 1 view .LVU2
  44:Core/Src/stm32f4xx_hal_timebase_tim.c ****   uint32_t              uwTimclock = 0U;
  46              		.loc 1 44 3 view .LVU3
  47              	.LVL1:
  45:Core/Src/stm32f4xx_hal_timebase_tim.c **** 
  46:Core/Src/stm32f4xx_hal_timebase_tim.c ****   uint32_t              uwPrescalerValue = 0U;
  48              		.loc 1 46 3 view .LVU4
  47:Core/Src/stm32f4xx_hal_timebase_tim.c ****   uint32_t              pFLatency;
  49              		.loc 1 47 3 view .LVU5
  48:Core/Src/stm32f4xx_hal_timebase_tim.c ****   HAL_StatusTypeDef     status;
  50              		.loc 1 48 3 view .LVU6
  49:Core/Src/stm32f4xx_hal_timebase_tim.c **** 
  50:Core/Src/stm32f4xx_hal_timebase_tim.c ****   /* Enable TIM9 clock */
  51:Core/Src/stm32f4xx_hal_timebase_tim.c ****   __HAL_RCC_TIM9_CLK_ENABLE();
  51              		.loc 1 51 3 view .LVU7
  52              	.LBB2:
  53              		.loc 1 51 3 view .LVU8
  54 0006 0024     		movs	r4, #0
  55 0008 0194     		str	r4, [sp, #4]
  56              		.loc 1 51 3 view .LVU9
  57 000a 1D4B     		ldr	r3, .L7
  58 000c 5A6C     		ldr	r2, [r3, #68]
  59 000e 42F48032 		orr	r2, r2, #65536
  60 0012 5A64     		str	r2, [r3, #68]
  61              		.loc 1 51 3 view .LVU10
  62 0014 5B6C     		ldr	r3, [r3, #68]
  63 0016 03F48033 		and	r3, r3, #65536
  64 001a 0193     		str	r3, [sp, #4]
ARM GAS  /tmp/ccJMQhxg.s 			page 3


  65              		.loc 1 51 3 view .LVU11
  66 001c 019B     		ldr	r3, [sp, #4]
  67              	.LBE2:
  68              		.loc 1 51 3 view .LVU12
  52:Core/Src/stm32f4xx_hal_timebase_tim.c **** 
  53:Core/Src/stm32f4xx_hal_timebase_tim.c ****   /* Get clock configuration */
  54:Core/Src/stm32f4xx_hal_timebase_tim.c ****   HAL_RCC_GetClockConfig(&clkconfig, &pFLatency);
  69              		.loc 1 54 3 view .LVU13
  70 001e 02A9     		add	r1, sp, #8
  71 0020 03A8     		add	r0, sp, #12
  72              	.LVL2:
  73              		.loc 1 54 3 is_stmt 0 view .LVU14
  74 0022 FFF7FEFF 		bl	HAL_RCC_GetClockConfig
  75              	.LVL3:
  55:Core/Src/stm32f4xx_hal_timebase_tim.c **** 
  56:Core/Src/stm32f4xx_hal_timebase_tim.c ****   /* Compute TIM9 clock */
  57:Core/Src/stm32f4xx_hal_timebase_tim.c ****       uwTimclock = HAL_RCC_GetPCLK2Freq();
  76              		.loc 1 57 7 is_stmt 1 view .LVU15
  77              		.loc 1 57 20 is_stmt 0 view .LVU16
  78 0026 FFF7FEFF 		bl	HAL_RCC_GetPCLK2Freq
  79              	.LVL4:
  58:Core/Src/stm32f4xx_hal_timebase_tim.c **** 
  59:Core/Src/stm32f4xx_hal_timebase_tim.c ****   /* Compute the prescaler value to have TIM9 counter clock equal to 1MHz */
  60:Core/Src/stm32f4xx_hal_timebase_tim.c ****   uwPrescalerValue = (uint32_t) ((uwTimclock / 1000000U) - 1U);
  80              		.loc 1 60 3 is_stmt 1 view .LVU17
  81              		.loc 1 60 46 is_stmt 0 view .LVU18
  82 002a 164A     		ldr	r2, .L7+4
  83 002c A2FB0023 		umull	r2, r3, r2, r0
  84              	.LVL5:
  85              		.loc 1 60 46 view .LVU19
  86 0030 9B0C     		lsrs	r3, r3, #18
  87              		.loc 1 60 20 view .LVU20
  88 0032 013B     		subs	r3, r3, #1
  89              	.LVL6:
  61:Core/Src/stm32f4xx_hal_timebase_tim.c **** 
  62:Core/Src/stm32f4xx_hal_timebase_tim.c ****   /* Initialize TIM9 */
  63:Core/Src/stm32f4xx_hal_timebase_tim.c ****   htim9.Instance = TIM9;
  90              		.loc 1 63 3 is_stmt 1 view .LVU21
  91              		.loc 1 63 18 is_stmt 0 view .LVU22
  92 0034 1448     		ldr	r0, .L7+8
  93 0036 154A     		ldr	r2, .L7+12
  94 0038 0260     		str	r2, [r0]
  64:Core/Src/stm32f4xx_hal_timebase_tim.c **** 
  65:Core/Src/stm32f4xx_hal_timebase_tim.c ****   /* Initialize TIMx peripheral as follow:
  66:Core/Src/stm32f4xx_hal_timebase_tim.c **** 
  67:Core/Src/stm32f4xx_hal_timebase_tim.c ****   + Period = [(TIM9CLK/1000) - 1]. to have a (1/1000) s time base.
  68:Core/Src/stm32f4xx_hal_timebase_tim.c ****   + Prescaler = (uwTimclock/1000000 - 1) to have a 1MHz counter clock.
  69:Core/Src/stm32f4xx_hal_timebase_tim.c ****   + ClockDivision = 0
  70:Core/Src/stm32f4xx_hal_timebase_tim.c ****   + Counter direction = Up
  71:Core/Src/stm32f4xx_hal_timebase_tim.c ****   */
  72:Core/Src/stm32f4xx_hal_timebase_tim.c ****   htim9.Init.Period = (1000000U / 1000U) - 1U;
  95              		.loc 1 72 3 is_stmt 1 view .LVU23
  96              		.loc 1 72 21 is_stmt 0 view .LVU24
  97 003a 40F2E732 		movw	r2, #999
  98 003e C260     		str	r2, [r0, #12]
  73:Core/Src/stm32f4xx_hal_timebase_tim.c ****   htim9.Init.Prescaler = uwPrescalerValue;
  99              		.loc 1 73 3 is_stmt 1 view .LVU25
ARM GAS  /tmp/ccJMQhxg.s 			page 4


 100              		.loc 1 73 24 is_stmt 0 view .LVU26
 101 0040 4360     		str	r3, [r0, #4]
  74:Core/Src/stm32f4xx_hal_timebase_tim.c ****   htim9.Init.ClockDivision = 0;
 102              		.loc 1 74 3 is_stmt 1 view .LVU27
 103              		.loc 1 74 28 is_stmt 0 view .LVU28
 104 0042 0461     		str	r4, [r0, #16]
  75:Core/Src/stm32f4xx_hal_timebase_tim.c ****   htim9.Init.CounterMode = TIM_COUNTERMODE_UP;
 105              		.loc 1 75 3 is_stmt 1 view .LVU29
 106              		.loc 1 75 26 is_stmt 0 view .LVU30
 107 0044 8460     		str	r4, [r0, #8]
  76:Core/Src/stm32f4xx_hal_timebase_tim.c ****   htim9.Init.AutoReloadPreload = TIM_AUTORELOAD_PRELOAD_DISABLE;
 108              		.loc 1 76 3 is_stmt 1 view .LVU31
 109              		.loc 1 76 32 is_stmt 0 view .LVU32
 110 0046 8461     		str	r4, [r0, #24]
  77:Core/Src/stm32f4xx_hal_timebase_tim.c **** 
  78:Core/Src/stm32f4xx_hal_timebase_tim.c ****   status = HAL_TIM_Base_Init(&htim9);
 111              		.loc 1 78 3 is_stmt 1 view .LVU33
 112              		.loc 1 78 12 is_stmt 0 view .LVU34
 113 0048 FFF7FEFF 		bl	HAL_TIM_Base_Init
 114              	.LVL7:
  79:Core/Src/stm32f4xx_hal_timebase_tim.c ****   if (status == HAL_OK)
 115              		.loc 1 79 3 is_stmt 1 view .LVU35
 116              		.loc 1 79 6 is_stmt 0 view .LVU36
 117 004c 0446     		mov	r4, r0
 118 004e 10B1     		cbz	r0, .L5
 119              	.LVL8:
 120              	.L2:
  80:Core/Src/stm32f4xx_hal_timebase_tim.c ****   {
  81:Core/Src/stm32f4xx_hal_timebase_tim.c ****     /* Start the TIM time Base generation in interrupt mode */
  82:Core/Src/stm32f4xx_hal_timebase_tim.c ****     status = HAL_TIM_Base_Start_IT(&htim9);
  83:Core/Src/stm32f4xx_hal_timebase_tim.c ****     if (status == HAL_OK)
  84:Core/Src/stm32f4xx_hal_timebase_tim.c ****     {
  85:Core/Src/stm32f4xx_hal_timebase_tim.c ****     /* Enable the TIM9 global Interrupt */
  86:Core/Src/stm32f4xx_hal_timebase_tim.c ****         HAL_NVIC_EnableIRQ(TIM1_BRK_TIM9_IRQn);
  87:Core/Src/stm32f4xx_hal_timebase_tim.c ****       /* Configure the SysTick IRQ priority */
  88:Core/Src/stm32f4xx_hal_timebase_tim.c ****       if (TickPriority < (1UL << __NVIC_PRIO_BITS))
  89:Core/Src/stm32f4xx_hal_timebase_tim.c ****       {
  90:Core/Src/stm32f4xx_hal_timebase_tim.c ****         /* Configure the TIM IRQ priority */
  91:Core/Src/stm32f4xx_hal_timebase_tim.c ****         HAL_NVIC_SetPriority(TIM1_BRK_TIM9_IRQn, TickPriority, 0U);
  92:Core/Src/stm32f4xx_hal_timebase_tim.c ****         uwTickPrio = TickPriority;
  93:Core/Src/stm32f4xx_hal_timebase_tim.c ****       }
  94:Core/Src/stm32f4xx_hal_timebase_tim.c ****       else
  95:Core/Src/stm32f4xx_hal_timebase_tim.c ****       {
  96:Core/Src/stm32f4xx_hal_timebase_tim.c ****         status = HAL_ERROR;
  97:Core/Src/stm32f4xx_hal_timebase_tim.c ****       }
  98:Core/Src/stm32f4xx_hal_timebase_tim.c ****     }
  99:Core/Src/stm32f4xx_hal_timebase_tim.c ****   }
 100:Core/Src/stm32f4xx_hal_timebase_tim.c **** 
 101:Core/Src/stm32f4xx_hal_timebase_tim.c ****  /* Return function status */
 102:Core/Src/stm32f4xx_hal_timebase_tim.c ****   return status;
 121              		.loc 1 102 3 is_stmt 1 view .LVU37
 103:Core/Src/stm32f4xx_hal_timebase_tim.c **** }
 122              		.loc 1 103 1 is_stmt 0 view .LVU38
 123 0050 2046     		mov	r0, r4
 124 0052 09B0     		add	sp, sp, #36
 125              	.LCFI2:
 126              		.cfi_remember_state
ARM GAS  /tmp/ccJMQhxg.s 			page 5


 127              		.cfi_def_cfa_offset 12
 128              		@ sp needed
 129 0054 30BD     		pop	{r4, r5, pc}
 130              	.LVL9:
 131              	.L5:
 132              	.LCFI3:
 133              		.cfi_restore_state
  82:Core/Src/stm32f4xx_hal_timebase_tim.c ****     if (status == HAL_OK)
 134              		.loc 1 82 5 is_stmt 1 view .LVU39
  82:Core/Src/stm32f4xx_hal_timebase_tim.c ****     if (status == HAL_OK)
 135              		.loc 1 82 14 is_stmt 0 view .LVU40
 136 0056 0C48     		ldr	r0, .L7+8
 137              	.LVL10:
  82:Core/Src/stm32f4xx_hal_timebase_tim.c ****     if (status == HAL_OK)
 138              		.loc 1 82 14 view .LVU41
 139 0058 FFF7FEFF 		bl	HAL_TIM_Base_Start_IT
 140              	.LVL11:
  83:Core/Src/stm32f4xx_hal_timebase_tim.c ****     {
 141              		.loc 1 83 5 is_stmt 1 view .LVU42
  83:Core/Src/stm32f4xx_hal_timebase_tim.c ****     {
 142              		.loc 1 83 8 is_stmt 0 view .LVU43
 143 005c 0446     		mov	r4, r0
 144 005e 0028     		cmp	r0, #0
 145 0060 F6D1     		bne	.L2
  86:Core/Src/stm32f4xx_hal_timebase_tim.c ****       /* Configure the SysTick IRQ priority */
 146              		.loc 1 86 9 is_stmt 1 view .LVU44
 147 0062 1820     		movs	r0, #24
 148              	.LVL12:
  86:Core/Src/stm32f4xx_hal_timebase_tim.c ****       /* Configure the SysTick IRQ priority */
 149              		.loc 1 86 9 is_stmt 0 view .LVU45
 150 0064 FFF7FEFF 		bl	HAL_NVIC_EnableIRQ
 151              	.LVL13:
  88:Core/Src/stm32f4xx_hal_timebase_tim.c ****       {
 152              		.loc 1 88 7 is_stmt 1 view .LVU46
  88:Core/Src/stm32f4xx_hal_timebase_tim.c ****       {
 153              		.loc 1 88 10 is_stmt 0 view .LVU47
 154 0068 0F2D     		cmp	r5, #15
 155 006a 01D9     		bls	.L6
  96:Core/Src/stm32f4xx_hal_timebase_tim.c ****       }
 156              		.loc 1 96 16 view .LVU48
 157 006c 0124     		movs	r4, #1
 158 006e EFE7     		b	.L2
 159              	.L6:
  91:Core/Src/stm32f4xx_hal_timebase_tim.c ****         uwTickPrio = TickPriority;
 160              		.loc 1 91 9 is_stmt 1 view .LVU49
 161 0070 0022     		movs	r2, #0
 162 0072 2946     		mov	r1, r5
 163 0074 1820     		movs	r0, #24
 164 0076 FFF7FEFF 		bl	HAL_NVIC_SetPriority
 165              	.LVL14:
  92:Core/Src/stm32f4xx_hal_timebase_tim.c ****       }
 166              		.loc 1 92 9 view .LVU50
  92:Core/Src/stm32f4xx_hal_timebase_tim.c ****       }
 167              		.loc 1 92 20 is_stmt 0 view .LVU51
 168 007a 054B     		ldr	r3, .L7+16
 169 007c 1D60     		str	r5, [r3]
 170 007e E7E7     		b	.L2
ARM GAS  /tmp/ccJMQhxg.s 			page 6


 171              	.L8:
 172              		.align	2
 173              	.L7:
 174 0080 00380240 		.word	1073887232
 175 0084 83DE1B43 		.word	1125899907
 176 0088 00000000 		.word	htim9
 177 008c 00400140 		.word	1073823744
 178 0090 00000000 		.word	uwTickPrio
 179              		.cfi_endproc
 180              	.LFE220:
 182              		.section	.text.HAL_SuspendTick,"ax",%progbits
 183              		.align	1
 184              		.global	HAL_SuspendTick
 185              		.syntax unified
 186              		.thumb
 187              		.thumb_func
 189              	HAL_SuspendTick:
 190              	.LFB221:
 104:Core/Src/stm32f4xx_hal_timebase_tim.c **** 
 105:Core/Src/stm32f4xx_hal_timebase_tim.c **** /**
 106:Core/Src/stm32f4xx_hal_timebase_tim.c ****   * @brief  Suspend Tick increment.
 107:Core/Src/stm32f4xx_hal_timebase_tim.c ****   * @note   Disable the tick increment by disabling TIM9 update interrupt.
 108:Core/Src/stm32f4xx_hal_timebase_tim.c ****   * @param  None
 109:Core/Src/stm32f4xx_hal_timebase_tim.c ****   * @retval None
 110:Core/Src/stm32f4xx_hal_timebase_tim.c ****   */
 111:Core/Src/stm32f4xx_hal_timebase_tim.c **** void HAL_SuspendTick(void)
 112:Core/Src/stm32f4xx_hal_timebase_tim.c **** {
 191              		.loc 1 112 1 is_stmt 1 view -0
 192              		.cfi_startproc
 193              		@ args = 0, pretend = 0, frame = 0
 194              		@ frame_needed = 0, uses_anonymous_args = 0
 195              		@ link register save eliminated.
 113:Core/Src/stm32f4xx_hal_timebase_tim.c ****   /* Disable TIM9 update Interrupt */
 114:Core/Src/stm32f4xx_hal_timebase_tim.c ****   __HAL_TIM_DISABLE_IT(&htim9, TIM_IT_UPDATE);
 196              		.loc 1 114 3 view .LVU53
 197 0000 034B     		ldr	r3, .L10
 198 0002 1A68     		ldr	r2, [r3]
 199 0004 D368     		ldr	r3, [r2, #12]
 200 0006 23F00103 		bic	r3, r3, #1
 201 000a D360     		str	r3, [r2, #12]
 115:Core/Src/stm32f4xx_hal_timebase_tim.c **** }
 202              		.loc 1 115 1 is_stmt 0 view .LVU54
 203 000c 7047     		bx	lr
 204              	.L11:
 205 000e 00BF     		.align	2
 206              	.L10:
 207 0010 00000000 		.word	htim9
 208              		.cfi_endproc
 209              	.LFE221:
 211              		.section	.text.HAL_ResumeTick,"ax",%progbits
 212              		.align	1
 213              		.global	HAL_ResumeTick
 214              		.syntax unified
 215              		.thumb
 216              		.thumb_func
 218              	HAL_ResumeTick:
 219              	.LFB222:
ARM GAS  /tmp/ccJMQhxg.s 			page 7


 116:Core/Src/stm32f4xx_hal_timebase_tim.c **** 
 117:Core/Src/stm32f4xx_hal_timebase_tim.c **** /**
 118:Core/Src/stm32f4xx_hal_timebase_tim.c ****   * @brief  Resume Tick increment.
 119:Core/Src/stm32f4xx_hal_timebase_tim.c ****   * @note   Enable the tick increment by Enabling TIM9 update interrupt.
 120:Core/Src/stm32f4xx_hal_timebase_tim.c ****   * @param  None
 121:Core/Src/stm32f4xx_hal_timebase_tim.c ****   * @retval None
 122:Core/Src/stm32f4xx_hal_timebase_tim.c ****   */
 123:Core/Src/stm32f4xx_hal_timebase_tim.c **** void HAL_ResumeTick(void)
 124:Core/Src/stm32f4xx_hal_timebase_tim.c **** {
 220              		.loc 1 124 1 is_stmt 1 view -0
 221              		.cfi_startproc
 222              		@ args = 0, pretend = 0, frame = 0
 223              		@ frame_needed = 0, uses_anonymous_args = 0
 224              		@ link register save eliminated.
 125:Core/Src/stm32f4xx_hal_timebase_tim.c ****   /* Enable TIM9 Update interrupt */
 126:Core/Src/stm32f4xx_hal_timebase_tim.c ****   __HAL_TIM_ENABLE_IT(&htim9, TIM_IT_UPDATE);
 225              		.loc 1 126 3 view .LVU56
 226 0000 034B     		ldr	r3, .L13
 227 0002 1A68     		ldr	r2, [r3]
 228 0004 D368     		ldr	r3, [r2, #12]
 229 0006 43F00103 		orr	r3, r3, #1
 230 000a D360     		str	r3, [r2, #12]
 127:Core/Src/stm32f4xx_hal_timebase_tim.c **** }
 231              		.loc 1 127 1 is_stmt 0 view .LVU57
 232 000c 7047     		bx	lr
 233              	.L14:
 234 000e 00BF     		.align	2
 235              	.L13:
 236 0010 00000000 		.word	htim9
 237              		.cfi_endproc
 238              	.LFE222:
 240              		.global	htim9
 241              		.section	.bss.htim9,"aw",%nobits
 242              		.align	2
 245              	htim9:
 246 0000 00000000 		.space	72
 246      00000000 
 246      00000000 
 246      00000000 
 246      00000000 
 247              		.text
 248              	.Letext0:
 249              		.file 2 "Drivers/CMSIS/Device/ST/STM32F4xx/Include/stm32f401xe.h"
 250              		.file 3 "/opt/gcc-arm-none-eabi/arm-none-eabi/include/machine/_default_types.h"
 251              		.file 4 "/opt/gcc-arm-none-eabi/arm-none-eabi/include/sys/_stdint.h"
 252              		.file 5 "Drivers/STM32F4xx_HAL_Driver/Inc/stm32f4xx_hal_def.h"
 253              		.file 6 "Drivers/STM32F4xx_HAL_Driver/Inc/stm32f4xx_hal_rcc.h"
 254              		.file 7 "Drivers/STM32F4xx_HAL_Driver/Inc/stm32f4xx_hal_dma.h"
 255              		.file 8 "Drivers/STM32F4xx_HAL_Driver/Inc/stm32f4xx_hal_tim.h"
 256              		.file 9 "Drivers/STM32F4xx_HAL_Driver/Inc/stm32f4xx_hal.h"
 257              		.file 10 "Drivers/STM32F4xx_HAL_Driver/Inc/stm32f4xx_hal_cortex.h"
ARM GAS  /tmp/ccJMQhxg.s 			page 8


DEFINED SYMBOLS
                            *ABS*:00000000 stm32f4xx_hal_timebase_tim.c
     /tmp/ccJMQhxg.s:21     .text.HAL_InitTick:00000000 $t
     /tmp/ccJMQhxg.s:27     .text.HAL_InitTick:00000000 HAL_InitTick
     /tmp/ccJMQhxg.s:174    .text.HAL_InitTick:00000080 $d
     /tmp/ccJMQhxg.s:245    .bss.htim9:00000000 htim9
     /tmp/ccJMQhxg.s:183    .text.HAL_SuspendTick:00000000 $t
     /tmp/ccJMQhxg.s:189    .text.HAL_SuspendTick:00000000 HAL_SuspendTick
     /tmp/ccJMQhxg.s:207    .text.HAL_SuspendTick:00000010 $d
     /tmp/ccJMQhxg.s:212    .text.HAL_ResumeTick:00000000 $t
     /tmp/ccJMQhxg.s:218    .text.HAL_ResumeTick:00000000 HAL_ResumeTick
     /tmp/ccJMQhxg.s:236    .text.HAL_ResumeTick:00000010 $d
     /tmp/ccJMQhxg.s:242    .bss.htim9:00000000 $d

UNDEFINED SYMBOLS
HAL_RCC_GetClockConfig
HAL_RCC_GetPCLK2Freq
HAL_TIM_Base_Init
HAL_TIM_Base_Start_IT
HAL_NVIC_EnableIRQ
HAL_NVIC_SetPriority
uwTickPrio
